# JRE version: OpenJDK Runtime Environment Temurin-17.0.4+8 (17.0.4+8) (build 17.0.4+8)
# Java VM: OpenJDK 64-Bit Server VM Temurin-17.0.4+8 (17.0.4+8, mixed mode, tiered, compressed oops, compressed class ptrs, g1 gc, windows-amd64)
GC Precious Log:
 CPUs: 4 total, 4 available
 Memory: 3987M
 Large Page Support: Disabled
 NUMA Support: Disabled
 Compressed Oops: Enabled (32-bit)
 Heap Region Size: 1M
 Heap Min Capacity: 8M
 Heap Initial Capacity: 64M
 Heap Max Capacity: 998M
 Pre-touch: Disabled
 Parallel Workers: 4
 Concurrent Workers: 1
 Concurrent Refinement Workers: 4
 Periodic GC: Disabled
Heap:
 garbage-first heap   total 163840K, used 48619K [0x00000000c1a00000, 0x0000000100000000)
  region size 1024K, 5 young (5120K), 4 survivors (4096K)
 Metaspace       used 36281K, committed 36608K, reserved 1089536K
  class space    used 3766K, committed 3904K, reserved 1048576K
GC Heap History (20 events):
Event: 7.592 GC heap before
{Heap before GC invocations=8 (full 0):
 garbage-first heap   total 51200K, used 34233K [0x00000000c1a00000, 0x0000000100000000)
  region size 1024K, 3 young (3072K), 2 survivors (2048K)
 Metaspace       used 22214K, committed 22400K, reserved 1073152K
  class space    used 2267K, committed 2368K, reserved 1048576K
}
Event: 7.596 GC heap after
{Heap after GC invocations=9 (full 0):
 garbage-first heap   total 61440K, used 34219K [0x00000000c1a00000, 0x0000000100000000)
  region size 1024K, 2 young (2048K), 2 survivors (2048K)
 Metaspace       used 22214K, committed 22400K, reserved 1073152K
  class space    used 2267K, committed 2368K, reserved 1048576K
}
Event: 8.366 GC heap before
{Heap before GC invocations=10 (full 0):
 garbage-first heap   total 81920K, used 58795K [0x00000000c1a00000, 0x0000000100000000)
  region size 1024K, 15 young (15360K), 2 survivors (2048K)
 Metaspace       used 23737K, committed 23872K, reserved 1073152K
  class space    used 2429K, committed 2496K, reserved 1048576K
}
Event: 8.374 GC heap after
{Heap after GC invocations=11 (full 0):
 garbage-first heap   total 81920K, used 14466K [0x00000000c1a00000, 0x0000000100000000)
  region size 1024K, 2 young (2048K), 2 survivors (2048K)
 Metaspace       used 23737K, committed 23872K, reserved 1073152K
  class space    used 2429K, committed 2496K, reserved 1048576K
}
Event: 12.338 GC heap before
{Heap before GC invocations=11 (full 0):
 garbage-first heap   total 81920K, used 63618K [0x00000000c1a00000, 0x0000000100000000)
  region size 1024K, 48 young (49152K), 2 survivors (2048K)
 Metaspace       used 30959K, committed 31232K, reserved 1081344K
  class space    used 3239K, committed 3328K, reserved 1048576K
}
Event: 12.355 GC heap after
{Heap after GC invocations=12 (full 0):
 garbage-first heap   total 81920K, used 24210K [0x00000000c1a00000, 0x0000000100000000)
  region size 1024K, 6 young (6144K), 6 survivors (6144K)
 Metaspace       used 30959K, committed 31232K, reserved 1081344K
  class space    used 3239K, committed 3328K, reserved 1048576K
}
Event: 13.452 GC heap before
{Heap before GC invocations=12 (full 0):
 garbage-first heap   total 81920K, used 60050K [0x00000000c1a00000, 0x0000000100000000)
  region size 1024K, 41 young (41984K), 6 survivors (6144K)
 Metaspace       used 31571K, committed 31808K, reserved 1081344K
  class space    used 3302K, committed 3392K, reserved 1048576K
}
Event: 13.476 GC heap after
{Heap after GC invocations=13 (full 0):
 garbage-first heap   total 81920K, used 33763K [0x00000000c1a00000, 0x0000000100000000)
  region size 1024K, 6 young (6144K), 6 survivors (6144K)
 Metaspace       used 31571K, committed 31808K, reserved 1081344K
  class space    used 3302K, committed 3392K, reserved 1048576K
}
Event: 15.008 GC heap before
{Heap before GC invocations=13 (full 0):
 garbage-first heap   total 81920K, used 59363K [0x00000000c1a00000, 0x0000000100000000)
  region size 1024K, 31 young (31744K), 6 survivors (6144K)
 Metaspace       used 33716K, committed 33984K, reserved 1081344K
  class space    used 3539K, committed 3648K, reserved 1048576K
}
Event: 15.032 GC heap after
{Heap after GC invocations=14 (full 0):
 garbage-first heap   total 81920K, used 37626K [0x00000000c1a00000, 0x0000000100000000)
  region size 1024K, 3 young (3072K), 3 survivors (3072K)
 Metaspace       used 33716K, committed 33984K, reserved 1081344K
  class space    used 3539K, committed 3648K, reserved 1048576K
}
Event: 15.641 GC heap before
{Heap before GC invocations=14 (full 0):
 garbage-first heap   total 81920K, used 49914K [0x00000000c1a00000, 0x0000000100000000)
  region size 1024K, 15 young (15360K), 3 survivors (3072K)
 Metaspace       used 33835K, committed 34112K, reserved 1081344K
  class space    used 3549K, committed 3648K, reserved 1048576K
}
Event: 15.656 GC heap after
{Heap after GC invocations=15 (full 0):
 garbage-first heap   total 81920K, used 37716K [0x00000000c1a00000, 0x0000000100000000)
  region size 1024K, 2 young (2048K), 2 survivors (2048K)
 Metaspace       used 33835K, committed 34112K, reserved 1081344K
  class space    used 3549K, committed 3648K, reserved 1048576K
}
Event: 16.108 GC heap before
{Heap before GC invocations=16 (full 0):
 garbage-first heap   total 81920K, used 61268K [0x00000000c1a00000, 0x0000000100000000)
  region size 1024K, 24 young (24576K), 2 survivors (2048K)
 Metaspace       used 33851K, committed 34112K, reserved 1081344K
  class space    used 3549K, committed 3648K, reserved 1048576K
}
Event: 16.121 GC heap after
{Heap after GC invocations=17 (full 0):
 garbage-first heap   total 81920K, used 49089K [0x00000000c1a00000, 0x0000000100000000)
  region size 1024K, 3 young (3072K), 3 survivors (3072K)
 Metaspace       used 33851K, committed 34112K, reserved 1081344K
  class space    used 3549K, committed 3648K, reserved 1048576K
}
Event: 16.142 GC heap before
{Heap before GC invocations=17 (full 0):
 garbage-first heap   total 81920K, used 50113K [0x00000000c1a00000, 0x0000000100000000)
  region size 1024K, 4 young (4096K), 3 survivors (3072K)
 Metaspace       used 33851K, committed 34112K, reserved 1081344K
  class space    used 3549K, committed 3648K, reserved 1048576K
}
Event: 16.151 GC heap after
{Heap after GC invocations=18 (full 0):
 garbage-first heap   total 81920K, used 44027K [0x00000000c1a00000, 0x0000000100000000)
  region size 1024K, 1 young (1024K), 1 survivors (1024K)
 Metaspace       used 33851K, committed 34112K, reserved 1081344K
  class space    used 3549K, committed 3648K, reserved 1048576K
}
Event: 16.579 GC heap before
{Heap before GC invocations=18 (full 0):
 garbage-first heap   total 81920K, used 61435K [0x00000000c1a00000, 0x0000000100000000)
  region size 1024K, 18 young (18432K), 1 survivors (1024K)
 Metaspace       used 33856K, committed 34112K, reserved 1081344K
  class space    used 3549K, committed 3648K, reserved 1048576K
}
Event: 16.592 GC heap after
{Heap after GC invocations=19 (full 0):
 garbage-first heap   total 163840K, used 49779K [0x00000000c1a00000, 0x0000000100000000)
  region size 1024K, 3 young (3072K), 3 survivors (3072K)
 Metaspace       used 33856K, committed 34112K, reserved 1081344K
  class space    used 3549K, committed 3648K, reserved 1048576K
}
Event: 19.189 GC heap before
{Heap before GC invocations=20 (full 0):
 garbage-first heap   total 163840K, used 103027K [0x00000000c1a00000, 0x0000000100000000)
  region size 1024K, 56 young (57344K), 3 survivors (3072K)
 Metaspace       used 36264K, committed 36608K, reserved 1089536K
  class space    used 3764K, committed 3904K, reserved 1048576K
}
Event: 19.198 GC heap after
{Heap after GC invocations=21 (full 0):
 garbage-first heap   total 163840K, used 48619K [0x00000000c1a00000, 0x0000000100000000)
  region size 1024K, 4 young (4096K), 4 survivors (4096K)
 Metaspace       used 36264K, committed 36608K, reserved 1089536K
  class space    used 3764K, committed 3904K, reserved 1048576K
}

